<?xml version="1.0" encoding="UTF-8"?>
<coverage generated="1594747496">
  <project timestamp="1594747496">
    <package name="LeoVie\IotDataReceiver\Validator">
      <file name="D:\Dropbox\Dokumente\Development\PHP Projects\iot-data-receiver\src\Validator\IdValidator.php">
        <class name="LeoVie\IotDataReceiver\Validator\IdValidator" namespace="LeoVie\IotDataReceiver\Validator">
          <metrics complexity="0" methods="0" coveredmethods="0" conditionals="0" coveredconditionals="0" statements="0" coveredstatements="0" elements="0" coveredelements="0"/>
        </class>
        <metrics loc="8" ncloc="8" classes="0" methods="0" coveredmethods="0" conditionals="0" coveredconditionals="0" statements="0" coveredstatements="0" elements="0" coveredelements="0"/>
      </file>
      <file name="D:\Dropbox\Dokumente\Development\PHP Projects\iot-data-receiver\src\Validator\MissingException.php">
        <class name="LeoVie\IotDataReceiver\Validator\MissingException" namespace="LeoVie\IotDataReceiver\Validator">
          <metrics complexity="1" methods="1" coveredmethods="1" conditionals="0" coveredconditionals="0" statements="3" coveredstatements="3" elements="4" coveredelements="4"/>
        </class>
        <line num="7" type="method" name="__construct" visibility="public" complexity="1" crap="1" count="1"/>
        <line num="9" type="stmt" count="1"/>
        <line num="11" type="stmt" count="1"/>
        <line num="12" type="stmt" count="1"/>
        <metrics loc="12" ncloc="12" classes="1" methods="1" coveredmethods="1" conditionals="0" coveredconditionals="0" statements="3" coveredstatements="3" elements="4" coveredelements="4"/>
      </file>
      <file name="D:\Dropbox\Dokumente\Development\PHP Projects\iot-data-receiver\src\Validator\PatternException.php">
        <class name="LeoVie\IotDataReceiver\Validator\PatternException" namespace="LeoVie\IotDataReceiver\Validator">
          <metrics complexity="1" methods="1" coveredmethods="1" conditionals="0" coveredconditionals="0" statements="3" coveredstatements="3" elements="4" coveredelements="4"/>
        </class>
        <line num="7" type="method" name="__construct" visibility="public" complexity="1" crap="1" count="1"/>
        <line num="9" type="stmt" count="1"/>
        <line num="11" type="stmt" count="1"/>
        <line num="12" type="stmt" count="1"/>
        <metrics loc="12" ncloc="12" classes="1" methods="1" coveredmethods="1" conditionals="0" coveredconditionals="0" statements="3" coveredstatements="3" elements="4" coveredelements="4"/>
      </file>
      <file name="D:\Dropbox\Dokumente\Development\PHP Projects\iot-data-receiver\src\Validator\TimestampValidator.php">
        <class name="LeoVie\IotDataReceiver\Validator\TimestampValidator" namespace="LeoVie\IotDataReceiver\Validator">
          <metrics complexity="0" methods="0" coveredmethods="0" conditionals="0" coveredconditionals="0" statements="0" coveredstatements="0" elements="0" coveredelements="0"/>
        </class>
        <metrics loc="8" ncloc="8" classes="0" methods="0" coveredmethods="0" conditionals="0" coveredconditionals="0" statements="0" coveredstatements="0" elements="0" coveredelements="0"/>
      </file>
      <file name="D:\Dropbox\Dokumente\Development\PHP Projects\iot-data-receiver\src\Validator\Validator.php">
        <class name="LeoVie\IotDataReceiver\Validator\Validator" namespace="LeoVie\IotDataReceiver\Validator">
          <metrics complexity="3" methods="1" coveredmethods="1" conditionals="0" coveredconditionals="0" statements="5" coveredstatements="5" elements="6" coveredelements="6"/>
        </class>
        <line num="13" type="method" name="validateAndReturnValue" visibility="public" complexity="3" crap="3" count="3"/>
        <line num="15" type="stmt" count="3"/>
        <line num="16" type="stmt" count="1"/>
        <line num="18" type="stmt" count="2"/>
        <line num="19" type="stmt" count="1"/>
        <line num="22" type="stmt" count="1"/>
        <metrics loc="23" ncloc="21" classes="1" methods="1" coveredmethods="1" conditionals="0" coveredconditionals="0" statements="5" coveredstatements="5" elements="6" coveredelements="6"/>
      </file>
    </package>
    <file name="D:\Dropbox\Dokumente\Development\PHP Projects\iot-data-receiver\src\Validator\ValidatorException.php">
      <metrics loc="7" ncloc="7" classes="0" methods="0" coveredmethods="0" conditionals="0" coveredconditionals="0" statements="0" coveredstatements="0" elements="0" coveredelements="0"/>
    </file>
    <file name="D:\Dropbox\Dokumente\Development\PHP Projects\iot-data-receiver\src\index.php">
      <line num="3" type="stmt" count="0"/>
      <line num="11" type="stmt" count="0"/>
      <line num="12" type="stmt" count="0"/>
      <line num="13" type="stmt" count="0"/>
      <line num="14" type="stmt" count="0"/>
      <line num="15" type="stmt" count="0"/>
      <line num="16" type="stmt" count="0"/>
      <line num="17" type="stmt" count="0"/>
      <line num="18" type="stmt" count="0"/>
      <line num="19" type="stmt" count="0"/>
      <line num="21" type="stmt" count="0"/>
      <metrics loc="21" ncloc="20" classes="0" methods="0" coveredmethods="0" conditionals="0" coveredconditionals="0" statements="11" coveredstatements="0" elements="11" coveredelements="0"/>
    </file>
    <metrics files="7" loc="91" ncloc="88" classes="3" methods="3" coveredmethods="3" conditionals="0" coveredconditionals="0" statements="22" coveredstatements="11" elements="25" coveredelements="14"/>
  </project>
</coverage>
